[debug] [2020-05-22T16:39:05.628Z] ----------------------------------------------------------------------
[debug] [2020-05-22T16:39:05.641Z] Command:       C:\Program Files\nodejs\node.exe C:\Users\Ana Ciaciru\AppData\Roaming\npm\node_modules\firebase-tools\lib\bin\firebase.js emulators:start --only functions
[debug] [2020-05-22T16:39:05.641Z] CLI Version:   8.4.0
[debug] [2020-05-22T16:39:05.641Z] Platform:      win32
[debug] [2020-05-22T16:39:05.642Z] Node Version:  v12.16.2
[debug] [2020-05-22T16:39:05.823Z] Time:          Fri May 22 2020 19:39:05 GMT+0300 (Eastern European Summer Time)
[debug] [2020-05-22T16:39:05.823Z] ----------------------------------------------------------------------
[debug] [2020-05-22T16:39:05.823Z] 
[debug] [2020-05-22T16:39:05.888Z] > command requires scopes: ["email","openid","https://www.googleapis.com/auth/cloudplatformprojects.readonly","https://www.googleapis.com/auth/firebase","https://www.googleapis.com/auth/cloud-platform"]
[debug] [2020-05-22T16:39:05.888Z] > authorizing via signed-in user
[info] i  emulators: Starting emulators: functions {"metadata":{"emulator":{"name":"hub"},"message":"Starting emulators: functions"}}
[debug] [2020-05-22T16:39:07.083Z] [hub] writing locator at C:\Users\ANACIA~1\AppData\Local\Temp\hub-trainingfmi-ee118.json
[warn] !  Your requested "node" version "8" doesn't match your global version "12" {"metadata":{"emulator":{"name":"functions"},"message":"Your requested \"node\" version \"8\" doesn't match your global version \"12\""}}
[warn] !  hosting: The hosting emulator is configured but there is no hosting configuration. Have you run firebase init hosting? {"metadata":{"emulator":{"name":"hosting"},"message":"The hosting emulator is configured but there is no hosting configuration. Have you run \u001b[1mfirebase init hosting\u001b[22m?"}}
[info] i  ui: downloading ui-v1.0.0.zip... {"metadata":{"emulator":{"name":"ui"},"message":"downloading ui-v1.0.0.zip..."}}
[debug] [2020-05-22T16:39:14.974Z] Ignoring unsupported arg: auto_download {"metadata":{"emulator":{"name":"ui"},"message":"Ignoring unsupported arg: auto_download"}}
[debug] [2020-05-22T16:39:14.975Z] Ignoring unsupported arg: port {"metadata":{"emulator":{"name":"ui"},"message":"Ignoring unsupported arg: port"}}
[debug] [2020-05-22T16:39:14.975Z] Starting Emulator UI with command {"binary":"node","args":["C:\\Users\\Ana Ciaciru\\.cache\\firebase\\emulators\\ui-v1.0.0\\server.bundle.js"],"optionalArgs":[],"joinArgs":false} {"metadata":{"emulator":{"name":"ui"},"message":"Starting Emulator UI with command {\"binary\":\"node\",\"args\":[\"C:\\\\Users\\\\Ana Ciaciru\\\\.cache\\\\firebase\\\\emulators\\\\ui-v1.0.0\\\\server.bundle.js\"],\"optionalArgs\":[],\"joinArgs\":false}"}}
[info] i  ui: Emulator UI logging to ui-debug.log {"metadata":{"emulator":{"name":"ui"},"message":"Emulator UI logging to \u001b[1mui-debug.log\u001b[22m"}}
[debug] [2020-05-22T16:39:15.165Z] Web / API server started at http://localhost:4000
 {"metadata":{"emulator":{"name":"ui"},"message":"Web / API server started at http://localhost:4000\n"}}
[info] i  functions: Watching "C:\Users\Ana Ciaciru\Desktop\Training\functions" for Cloud Functions... {"metadata":{"emulator":{"name":"functions"},"message":"Watching \"C:\\Users\\Ana Ciaciru\\Desktop\\Training\\functions\" for Cloud Functions..."}}
[debug] [2020-05-22T16:39:15.731Z] [worker-pool] addWorker(~diagnostic~) {"metadata":{"emulator":{"name":"functions"},"message":"[worker-pool] addWorker(~diagnostic~)"}}
[debug] [2020-05-22T16:39:15.731Z] [worker-pool] Adding worker with key ~diagnostic~, total=1 {"metadata":{"emulator":{"name":"functions"},"message":"[worker-pool] Adding worker with key ~diagnostic~, total=1"}}
[debug] [2020-05-22T16:39:15.731Z] [worker-pool] submitWork(triggerId=) {"metadata":{"emulator":{"name":"functions"},"message":"[worker-pool] submitWork(triggerId=)"}}
[debug] [2020-05-22T16:39:15.732Z] [worker-~diagnostic~-a8920863-8e8b-4ba1-af7b-3a5c496e21c2]: Assigning socketPath: \\?\pipe\C:\Users\Ana Ciaciru\Desktop\Training\functions\15756 {"metadata":{"emulator":{"name":"functions"},"message":"[worker-~diagnostic~-a8920863-8e8b-4ba1-af7b-3a5c496e21c2]: Assigning socketPath: \\\\?\\pipe\\C:\\Users\\Ana Ciaciru\\Desktop\\Training\\functions\\15756"}}
[debug] [2020-05-22T16:39:15.732Z] [worker-~diagnostic~-a8920863-8e8b-4ba1-af7b-3a5c496e21c2]: BUSY {"metadata":{"emulator":{"name":"functions"},"message":"[worker-~diagnostic~-a8920863-8e8b-4ba1-af7b-3a5c496e21c2]: BUSY"}}
[debug] [2020-05-22T16:39:16.364Z] [runtime-status] [15756] Functions runtime initialized. {"cwd":"C:\\Users\\Ana Ciaciru\\Desktop\\Training\\functions","node_version":"12.16.2"} {"metadata":{"emulator":{"name":"functions"},"message":"[runtime-status] [15756] Functions runtime initialized. {\"cwd\":\"C:\\\\Users\\\\Ana Ciaciru\\\\Desktop\\\\Training\\\\functions\",\"node_version\":\"12.16.2\"}"}}
[debug] [2020-05-22T16:39:16.365Z] [runtime-status] [15756] Disabled runtime features: undefined {"metadata":{"emulator":{"name":"functions"},"message":"[runtime-status] [15756] Disabled runtime features: undefined"}}
[debug] [2020-05-22T16:39:16.402Z] [runtime-status] [15756] Resolved module firebase-admin {"declared":true,"installed":true,"version":"8.12.1","resolution":"C:\\Users\\Ana Ciaciru\\Desktop\\Training\\functions\\node_modules\\firebase-admin\\lib\\index.js"} {"metadata":{"emulator":{"name":"functions"},"message":"[runtime-status] [15756] Resolved module firebase-admin {\"declared\":true,\"installed\":true,\"version\":\"8.12.1\",\"resolution\":\"C:\\\\Users\\\\Ana Ciaciru\\\\Desktop\\\\Training\\\\functions\\\\node_modules\\\\firebase-admin\\\\lib\\\\index.js\"}"}}
[debug] [2020-05-22T16:39:16.407Z] [runtime-status] [15756] Resolved module firebase-functions {"declared":true,"installed":true,"version":"3.6.1","resolution":"C:\\Users\\Ana Ciaciru\\Desktop\\Training\\functions\\node_modules\\firebase-functions\\lib\\index.js"} {"metadata":{"emulator":{"name":"functions"},"message":"[runtime-status] [15756] Resolved module firebase-functions {\"declared\":true,\"installed\":true,\"version\":\"3.6.1\",\"resolution\":\"C:\\\\Users\\\\Ana Ciaciru\\\\Desktop\\\\Training\\\\functions\\\\node_modules\\\\firebase-functions\\\\lib\\\\index.js\"}"}}
[debug] [2020-05-22T16:39:16.410Z] [runtime-status] [15756] Outgoing network have been stubbed. [{"name":"http","status":"mocked"},{"name":"http","status":"mocked"},{"name":"https","status":"mocked"},{"name":"https","status":"mocked"},{"name":"net","status":"mocked"}] {"metadata":{"emulator":{"name":"functions"},"message":"[runtime-status] [15756] Outgoing network have been stubbed. [{\"name\":\"http\",\"status\":\"mocked\"},{\"name\":\"http\",\"status\":\"mocked\"},{\"name\":\"https\",\"status\":\"mocked\"},{\"name\":\"https\",\"status\":\"mocked\"},{\"name\":\"net\",\"status\":\"mocked\"}]"}}
[debug] [2020-05-22T16:39:17.386Z] [runtime-status] [15756] Checked functions.config() {"config":{}} {"metadata":{"emulator":{"name":"functions"},"message":"[runtime-status] [15756] Checked functions.config() {\"config\":{}}"}}
[debug] [2020-05-22T16:39:17.387Z] [runtime-status] [15756] Resolved module firebase-functions {"declared":true,"installed":true,"version":"3.6.1","resolution":"C:\\Users\\Ana Ciaciru\\Desktop\\Training\\functions\\node_modules\\firebase-functions\\lib\\index.js"} {"metadata":{"emulator":{"name":"functions"},"message":"[runtime-status] [15756] Resolved module firebase-functions {\"declared\":true,\"installed\":true,\"version\":\"3.6.1\",\"resolution\":\"C:\\\\Users\\\\Ana Ciaciru\\\\Desktop\\\\Training\\\\functions\\\\node_modules\\\\firebase-functions\\\\lib\\\\index.js\"}"}}
[debug] [2020-05-22T16:39:17.389Z] [runtime-status] [15756] Resolved module firebase-admin {"declared":true,"installed":true,"version":"8.12.1","resolution":"C:\\Users\\Ana Ciaciru\\Desktop\\Training\\functions\\node_modules\\firebase-admin\\lib\\index.js"} {"metadata":{"emulator":{"name":"functions"},"message":"[runtime-status] [15756] Resolved module firebase-admin {\"declared\":true,\"installed\":true,\"version\":\"8.12.1\",\"resolution\":\"C:\\\\Users\\\\Ana Ciaciru\\\\Desktop\\\\Training\\\\functions\\\\node_modules\\\\firebase-admin\\\\lib\\\\index.js\"}"}}
[debug] [2020-05-22T16:39:17.390Z] [runtime-status] [15756] Resolved module firebase-functions {"declared":true,"installed":true,"version":"3.6.1","resolution":"C:\\Users\\Ana Ciaciru\\Desktop\\Training\\functions\\node_modules\\firebase-functions\\lib\\index.js"} {"metadata":{"emulator":{"name":"functions"},"message":"[runtime-status] [15756] Resolved module firebase-functions {\"declared\":true,\"installed\":true,\"version\":\"3.6.1\",\"resolution\":\"C:\\\\Users\\\\Ana Ciaciru\\\\Desktop\\\\Training\\\\functions\\\\node_modules\\\\firebase-functions\\\\lib\\\\index.js\"}"}}
[debug] [2020-05-22T16:39:17.390Z] [runtime-status] [15756] firebase-admin has been stubbed. {"adminResolution":{"declared":true,"installed":true,"version":"8.12.1","resolution":"C:\\Users\\Ana Ciaciru\\Desktop\\Training\\functions\\node_modules\\firebase-admin\\lib\\index.js"}} {"metadata":{"emulator":{"name":"functions"},"message":"[runtime-status] [15756] firebase-admin has been stubbed. {\"adminResolution\":{\"declared\":true,\"installed\":true,\"version\":\"8.12.1\",\"resolution\":\"C:\\\\Users\\\\Ana Ciaciru\\\\Desktop\\\\Training\\\\functions\\\\node_modules\\\\firebase-admin\\\\lib\\\\index.js\"}}"}}
[warn] !  TypeError [ERR_INVALID_ARG_TYPE]: The "id" argument must be of type string. Received undefined
    at validateString (internal/validators.js:117:11)
    at Module.require (internal/modules/cjs/loader.js:1035:3)
    at require (internal/modules/cjs/helpers.js:77:18)
    at Object.<anonymous> (C:\Users\Ana Ciaciru\Desktop\Training\functions\index.js:5:13)
    at Module._compile (internal/modules/cjs/loader.js:1156:30)
    at Object.Module._extensions..js (internal/modules/cjs/loader.js:1176:10)
    at Module.load (internal/modules/cjs/loader.js:1000:32)
    at Function.Module._load (internal/modules/cjs/loader.js:899:14)
    at Module.require (internal/modules/cjs/loader.js:1042:19)
    at require (internal/modules/cjs/helpers.js:77:18) {"metadata":{"emulator":{"name":"functions"},"message":"TypeError [ERR_INVALID_ARG_TYPE]: The \"id\" argument must be of type string. Received undefined\n    at validateString (internal/validators.js:117:11)\n    at Module.require (internal/modules/cjs/loader.js:1035:3)\n    at require (internal/modules/cjs/helpers.js:77:18)\n    at Object.<anonymous> (C:\\Users\\Ana Ciaciru\\Desktop\\Training\\functions\\index.js:5:13)\n    at Module._compile (internal/modules/cjs/loader.js:1156:30)\n    at Object.Module._extensions..js (internal/modules/cjs/loader.js:1176:10)\n    at Module.load (internal/modules/cjs/loader.js:1000:32)\n    at Function.Module._load (internal/modules/cjs/loader.js:899:14)\n    at Module.require (internal/modules/cjs/loader.js:1042:19)\n    at require (internal/modules/cjs/helpers.js:77:18)"}}
[warn] !  We were unable to load your functions code. (see above) {"metadata":{"emulator":{"name":"functions"}}}
[debug] [2020-05-22T16:39:21.202Z] [worker-~diagnostic~-a8920863-8e8b-4ba1-af7b-3a5c496e21c2]: exited {"metadata":{"emulator":{"name":"functions"},"message":"[worker-~diagnostic~-a8920863-8e8b-4ba1-af7b-3a5c496e21c2]: exited"}}
[debug] [2020-05-22T16:39:21.202Z] [worker-~diagnostic~-a8920863-8e8b-4ba1-af7b-3a5c496e21c2]: FINISHED {"metadata":{"emulator":{"name":"functions"},"message":"[worker-~diagnostic~-a8920863-8e8b-4ba1-af7b-3a5c496e21c2]: FINISHED"}}
[debug] [2020-05-22T17:19:04.094Z] ----------------------------------------------------------------------
[debug] [2020-05-22T17:19:04.097Z] Command:       C:\Program Files\nodejs\node.exe C:\Users\Ana Ciaciru\AppData\Roaming\npm\node_modules\firebase-tools\lib\bin\firebase.js emulators:start --only functions
[debug] [2020-05-22T17:19:04.097Z] CLI Version:   8.4.0
[debug] [2020-05-22T17:19:04.097Z] Platform:      win32
[debug] [2020-05-22T17:19:04.097Z] Node Version:  v12.16.2
[debug] [2020-05-22T17:19:04.121Z] Time:          Fri May 22 2020 20:19:04 GMT+0300 (Eastern European Summer Time)
[debug] [2020-05-22T17:19:04.121Z] ----------------------------------------------------------------------
[debug] [2020-05-22T17:19:04.121Z] 
[debug] [2020-05-22T17:19:04.186Z] > command requires scopes: ["email","openid","https://www.googleapis.com/auth/cloudplatformprojects.readonly","https://www.googleapis.com/auth/firebase","https://www.googleapis.com/auth/cloud-platform"]
[debug] [2020-05-22T17:19:04.186Z] > authorizing via signed-in user
[info] i  emulators: Starting emulators: functions {"metadata":{"emulator":{"name":"hub"},"message":"Starting emulators: functions"}}
[warn] !  emulators: It seems that you are running multiple instances of the emulator suite for project trainingfmi-ee118. This may result in unexpected behavior. 
[debug] [2020-05-22T17:19:05.318Z] [hub] writing locator at C:\Users\ANACIA~1\AppData\Local\Temp\hub-trainingfmi-ee118.json
[warn] !  Your requested "node" version "8" doesn't match your global version "12" {"metadata":{"emulator":{"name":"functions"},"message":"Your requested \"node\" version \"8\" doesn't match your global version \"12\""}}
[warn] !  hosting: The hosting emulator is configured but there is no hosting configuration. Have you run firebase init hosting? {"metadata":{"emulator":{"name":"hosting"},"message":"The hosting emulator is configured but there is no hosting configuration. Have you run \u001b[1mfirebase init hosting\u001b[22m?"}}
[debug] [2020-05-22T17:19:08.486Z] Ignoring unsupported arg: auto_download {"metadata":{"emulator":{"name":"ui"},"message":"Ignoring unsupported arg: auto_download"}}
[debug] [2020-05-22T17:19:08.487Z] Ignoring unsupported arg: port {"metadata":{"emulator":{"name":"ui"},"message":"Ignoring unsupported arg: port"}}
[debug] [2020-05-22T17:19:08.487Z] Starting Emulator UI with command {"binary":"node","args":["C:\\Users\\Ana Ciaciru\\.cache\\firebase\\emulators\\ui-v1.0.0\\server.bundle.js"],"optionalArgs":[],"joinArgs":false} {"metadata":{"emulator":{"name":"ui"},"message":"Starting Emulator UI with command {\"binary\":\"node\",\"args\":[\"C:\\\\Users\\\\Ana Ciaciru\\\\.cache\\\\firebase\\\\emulators\\\\ui-v1.0.0\\\\server.bundle.js\"],\"optionalArgs\":[],\"joinArgs\":false}"}}
[info] i  ui: Emulator UI logging to ui-debug.log {"metadata":{"emulator":{"name":"ui"},"message":"Emulator UI logging to \u001b[1mui-debug.log\u001b[22m"}}
[debug] [2020-05-22T17:19:08.776Z] Web / API server started at http://localhost:4000
 {"metadata":{"emulator":{"name":"ui"},"message":"Web / API server started at http://localhost:4000\n"}}
[info] i  functions: Watching "C:\Users\Ana Ciaciru\Desktop\Training\functions" for Cloud Functions... {"metadata":{"emulator":{"name":"functions"},"message":"Watching \"C:\\Users\\Ana Ciaciru\\Desktop\\Training\\functions\" for Cloud Functions..."}}
[debug] [2020-05-22T17:19:09.111Z] [worker-pool] addWorker(~diagnostic~) {"metadata":{"emulator":{"name":"functions"},"message":"[worker-pool] addWorker(~diagnostic~)"}}
[debug] [2020-05-22T17:19:09.112Z] [worker-pool] Adding worker with key ~diagnostic~, total=1 {"metadata":{"emulator":{"name":"functions"},"message":"[worker-pool] Adding worker with key ~diagnostic~, total=1"}}
[debug] [2020-05-22T17:19:09.112Z] [worker-pool] submitWork(triggerId=) {"metadata":{"emulator":{"name":"functions"},"message":"[worker-pool] submitWork(triggerId=)"}}
[debug] [2020-05-22T17:19:09.112Z] [worker-~diagnostic~-f8e170bb-0259-4ef6-9b7e-0494fcffe956]: Assigning socketPath: \\?\pipe\C:\Users\Ana Ciaciru\Desktop\Training\functions\15076 {"metadata":{"emulator":{"name":"functions"},"message":"[worker-~diagnostic~-f8e170bb-0259-4ef6-9b7e-0494fcffe956]: Assigning socketPath: \\\\?\\pipe\\C:\\Users\\Ana Ciaciru\\Desktop\\Training\\functions\\15076"}}
[debug] [2020-05-22T17:19:09.113Z] [worker-~diagnostic~-f8e170bb-0259-4ef6-9b7e-0494fcffe956]: BUSY {"metadata":{"emulator":{"name":"functions"},"message":"[worker-~diagnostic~-f8e170bb-0259-4ef6-9b7e-0494fcffe956]: BUSY"}}
[debug] [2020-05-22T17:19:09.866Z] [runtime-status] [15076] Functions runtime initialized. {"cwd":"C:\\Users\\Ana Ciaciru\\Desktop\\Training\\functions","node_version":"12.16.2"} {"metadata":{"emulator":{"name":"functions"},"message":"[runtime-status] [15076] Functions runtime initialized. {\"cwd\":\"C:\\\\Users\\\\Ana Ciaciru\\\\Desktop\\\\Training\\\\functions\",\"node_version\":\"12.16.2\"}"}}
[debug] [2020-05-22T17:19:09.872Z] [runtime-status] [15076] Disabled runtime features: undefined {"metadata":{"emulator":{"name":"functions"},"message":"[runtime-status] [15076] Disabled runtime features: undefined"}}
[debug] [2020-05-22T17:19:09.893Z] [runtime-status] [15076] Resolved module firebase-admin {"declared":true,"installed":true,"version":"8.12.1","resolution":"C:\\Users\\Ana Ciaciru\\Desktop\\Training\\functions\\node_modules\\firebase-admin\\lib\\index.js"} {"metadata":{"emulator":{"name":"functions"},"message":"[runtime-status] [15076] Resolved module firebase-admin {\"declared\":true,\"installed\":true,\"version\":\"8.12.1\",\"resolution\":\"C:\\\\Users\\\\Ana Ciaciru\\\\Desktop\\\\Training\\\\functions\\\\node_modules\\\\firebase-admin\\\\lib\\\\index.js\"}"}}
[debug] [2020-05-22T17:19:09.909Z] [runtime-status] [15076] Resolved module firebase-functions {"declared":true,"installed":true,"version":"3.6.1","resolution":"C:\\Users\\Ana Ciaciru\\Desktop\\Training\\functions\\node_modules\\firebase-functions\\lib\\index.js"} {"metadata":{"emulator":{"name":"functions"},"message":"[runtime-status] [15076] Resolved module firebase-functions {\"declared\":true,\"installed\":true,\"version\":\"3.6.1\",\"resolution\":\"C:\\\\Users\\\\Ana Ciaciru\\\\Desktop\\\\Training\\\\functions\\\\node_modules\\\\firebase-functions\\\\lib\\\\index.js\"}"}}
[debug] [2020-05-22T17:19:09.911Z] [runtime-status] [15076] Outgoing network have been stubbed. [{"name":"http","status":"mocked"},{"name":"http","status":"mocked"},{"name":"https","status":"mocked"},{"name":"https","status":"mocked"},{"name":"net","status":"mocked"}] {"metadata":{"emulator":{"name":"functions"},"message":"[runtime-status] [15076] Outgoing network have been stubbed. [{\"name\":\"http\",\"status\":\"mocked\"},{\"name\":\"http\",\"status\":\"mocked\"},{\"name\":\"https\",\"status\":\"mocked\"},{\"name\":\"https\",\"status\":\"mocked\"},{\"name\":\"net\",\"status\":\"mocked\"}]"}}
[debug] [2020-05-22T17:19:10.762Z] [runtime-status] [15076] Checked functions.config() {"config":{}} {"metadata":{"emulator":{"name":"functions"},"message":"[runtime-status] [15076] Checked functions.config() {\"config\":{}}"}}
[debug] [2020-05-22T17:19:10.763Z] [runtime-status] [15076] Resolved module firebase-functions {"declared":true,"installed":true,"version":"3.6.1","resolution":"C:\\Users\\Ana Ciaciru\\Desktop\\Training\\functions\\node_modules\\firebase-functions\\lib\\index.js"} {"metadata":{"emulator":{"name":"functions"},"message":"[runtime-status] [15076] Resolved module firebase-functions {\"declared\":true,\"installed\":true,\"version\":\"3.6.1\",\"resolution\":\"C:\\\\Users\\\\Ana Ciaciru\\\\Desktop\\\\Training\\\\functions\\\\node_modules\\\\firebase-functions\\\\lib\\\\index.js\"}"}}
[debug] [2020-05-22T17:19:10.765Z] [runtime-status] [15076] Resolved module firebase-admin {"declared":true,"installed":true,"version":"8.12.1","resolution":"C:\\Users\\Ana Ciaciru\\Desktop\\Training\\functions\\node_modules\\firebase-admin\\lib\\index.js"} {"metadata":{"emulator":{"name":"functions"},"message":"[runtime-status] [15076] Resolved module firebase-admin {\"declared\":true,\"installed\":true,\"version\":\"8.12.1\",\"resolution\":\"C:\\\\Users\\\\Ana Ciaciru\\\\Desktop\\\\Training\\\\functions\\\\node_modules\\\\firebase-admin\\\\lib\\\\index.js\"}"}}
[debug] [2020-05-22T17:19:10.766Z] [runtime-status] [15076] Resolved module firebase-functions {"declared":true,"installed":true,"version":"3.6.1","resolution":"C:\\Users\\Ana Ciaciru\\Desktop\\Training\\functions\\node_modules\\firebase-functions\\lib\\index.js"} {"metadata":{"emulator":{"name":"functions"},"message":"[runtime-status] [15076] Resolved module firebase-functions {\"declared\":true,\"installed\":true,\"version\":\"3.6.1\",\"resolution\":\"C:\\\\Users\\\\Ana Ciaciru\\\\Desktop\\\\Training\\\\functions\\\\node_modules\\\\firebase-functions\\\\lib\\\\index.js\"}"}}
[debug] [2020-05-22T17:19:10.766Z] [runtime-status] [15076] firebase-admin has been stubbed. {"adminResolution":{"declared":true,"installed":true,"version":"8.12.1","resolution":"C:\\Users\\Ana Ciaciru\\Desktop\\Training\\functions\\node_modules\\firebase-admin\\lib\\index.js"}} {"metadata":{"emulator":{"name":"functions"},"message":"[runtime-status] [15076] firebase-admin has been stubbed. {\"adminResolution\":{\"declared\":true,\"installed\":true,\"version\":\"8.12.1\",\"resolution\":\"C:\\\\Users\\\\Ana Ciaciru\\\\Desktop\\\\Training\\\\functions\\\\node_modules\\\\firebase-admin\\\\lib\\\\index.js\"}}"}}
[warn] !  TypeError [ERR_INVALID_ARG_TYPE]: The "id" argument must be of type string. Received undefined
    at validateString (internal/validators.js:117:11)
    at Module.require (internal/modules/cjs/loader.js:1035:3)
    at require (internal/modules/cjs/helpers.js:77:18)
    at Object.<anonymous> (C:\Users\Ana Ciaciru\Desktop\Training\functions\index.js:5:13)
    at Module._compile (internal/modules/cjs/loader.js:1156:30)
    at Object.Module._extensions..js (internal/modules/cjs/loader.js:1176:10)
    at Module.load (internal/modules/cjs/loader.js:1000:32)
    at Function.Module._load (internal/modules/cjs/loader.js:899:14)
    at Module.require (internal/modules/cjs/loader.js:1042:19)
    at require (internal/modules/cjs/helpers.js:77:18) {"metadata":{"emulator":{"name":"functions"},"message":"TypeError [ERR_INVALID_ARG_TYPE]: The \"id\" argument must be of type string. Received undefined\n    at validateString (internal/validators.js:117:11)\n    at Module.require (internal/modules/cjs/loader.js:1035:3)\n    at require (internal/modules/cjs/helpers.js:77:18)\n    at Object.<anonymous> (C:\\Users\\Ana Ciaciru\\Desktop\\Training\\functions\\index.js:5:13)\n    at Module._compile (internal/modules/cjs/loader.js:1156:30)\n    at Object.Module._extensions..js (internal/modules/cjs/loader.js:1176:10)\n    at Module.load (internal/modules/cjs/loader.js:1000:32)\n    at Function.Module._load (internal/modules/cjs/loader.js:899:14)\n    at Module.require (internal/modules/cjs/loader.js:1042:19)\n    at require (internal/modules/cjs/helpers.js:77:18)"}}
[warn] !  We were unable to load your functions code. (see above) {"metadata":{"emulator":{"name":"functions"}}}
[debug] [2020-05-22T17:19:13.579Z] [worker-~diagnostic~-f8e170bb-0259-4ef6-9b7e-0494fcffe956]: exited {"metadata":{"emulator":{"name":"functions"},"message":"[worker-~diagnostic~-f8e170bb-0259-4ef6-9b7e-0494fcffe956]: exited"}}
[debug] [2020-05-22T17:19:13.579Z] [worker-~diagnostic~-f8e170bb-0259-4ef6-9b7e-0494fcffe956]: FINISHED {"metadata":{"emulator":{"name":"functions"},"message":"[worker-~diagnostic~-f8e170bb-0259-4ef6-9b7e-0494fcffe956]: FINISHED"}}
[debug] [2020-05-22T17:24:47.629Z] ----------------------------------------------------------------------
[debug] [2020-05-22T17:24:47.653Z] Command:       C:\Program Files\nodejs\node.exe C:\Users\Ana Ciaciru\AppData\Roaming\npm\node_modules\firebase-tools\lib\bin\firebase.js emulators:start --only functions
[debug] [2020-05-22T17:24:47.653Z] CLI Version:   8.4.0
[debug] [2020-05-22T17:24:47.653Z] Platform:      win32
[debug] [2020-05-22T17:24:47.653Z] Node Version:  v12.16.2
[debug] [2020-05-22T17:24:47.912Z] Time:          Fri May 22 2020 20:24:47 GMT+0300 (Eastern European Summer Time)
[debug] [2020-05-22T17:24:47.913Z] ----------------------------------------------------------------------
[debug] [2020-05-22T17:24:47.913Z] 
[debug] [2020-05-22T17:24:47.979Z] > command requires scopes: ["email","openid","https://www.googleapis.com/auth/cloudplatformprojects.readonly","https://www.googleapis.com/auth/firebase","https://www.googleapis.com/auth/cloud-platform"]
[debug] [2020-05-22T17:24:47.980Z] > authorizing via signed-in user
[info] i  emulators: Starting emulators: functions {"metadata":{"emulator":{"name":"hub"},"message":"Starting emulators: functions"}}
[warn] !  emulators: It seems that you are running multiple instances of the emulator suite for project trainingfmi-ee118. This may result in unexpected behavior. 
[debug] [2020-05-22T17:24:49.143Z] [hub] writing locator at C:\Users\ANACIA~1\AppData\Local\Temp\hub-trainingfmi-ee118.json
[warn] !  Your requested "node" version "8" doesn't match your global version "12" {"metadata":{"emulator":{"name":"functions"},"message":"Your requested \"node\" version \"8\" doesn't match your global version \"12\""}}
[debug] [2020-05-22T17:24:52.476Z] Ignoring unsupported arg: auto_download {"metadata":{"emulator":{"name":"ui"},"message":"Ignoring unsupported arg: auto_download"}}
[debug] [2020-05-22T17:24:52.476Z] Ignoring unsupported arg: port {"metadata":{"emulator":{"name":"ui"},"message":"Ignoring unsupported arg: port"}}
[debug] [2020-05-22T17:24:52.477Z] Starting Emulator UI with command {"binary":"node","args":["C:\\Users\\Ana Ciaciru\\.cache\\firebase\\emulators\\ui-v1.0.0\\server.bundle.js"],"optionalArgs":[],"joinArgs":false} {"metadata":{"emulator":{"name":"ui"},"message":"Starting Emulator UI with command {\"binary\":\"node\",\"args\":[\"C:\\\\Users\\\\Ana Ciaciru\\\\.cache\\\\firebase\\\\emulators\\\\ui-v1.0.0\\\\server.bundle.js\"],\"optionalArgs\":[],\"joinArgs\":false}"}}
[info] i  ui: Emulator UI logging to ui-debug.log {"metadata":{"emulator":{"name":"ui"},"message":"Emulator UI logging to \u001b[1mui-debug.log\u001b[22m"}}
[debug] [2020-05-22T17:24:52.784Z] Web / API server started at http://localhost:4000
 {"metadata":{"emulator":{"name":"ui"},"message":"Web / API server started at http://localhost:4000\n"}}
[info] i  functions: Watching "C:\Users\Ana Ciaciru\Desktop\Training\functions" for Cloud Functions... {"metadata":{"emulator":{"name":"functions"},"message":"Watching \"C:\\Users\\Ana Ciaciru\\Desktop\\Training\\functions\" for Cloud Functions..."}}
[debug] [2020-05-22T17:24:53.186Z] [worker-pool] addWorker(~diagnostic~) {"metadata":{"emulator":{"name":"functions"},"message":"[worker-pool] addWorker(~diagnostic~)"}}
[debug] [2020-05-22T17:24:53.187Z] [worker-pool] Adding worker with key ~diagnostic~, total=1 {"metadata":{"emulator":{"name":"functions"},"message":"[worker-pool] Adding worker with key ~diagnostic~, total=1"}}
[debug] [2020-05-22T17:24:53.187Z] [worker-pool] submitWork(triggerId=) {"metadata":{"emulator":{"name":"functions"},"message":"[worker-pool] submitWork(triggerId=)"}}
[debug] [2020-05-22T17:24:53.187Z] [worker-~diagnostic~-64d5b83f-8e04-40a0-bb0d-1536658575f3]: Assigning socketPath: \\?\pipe\C:\Users\Ana Ciaciru\Desktop\Training\functions\10184 {"metadata":{"emulator":{"name":"functions"},"message":"[worker-~diagnostic~-64d5b83f-8e04-40a0-bb0d-1536658575f3]: Assigning socketPath: \\\\?\\pipe\\C:\\Users\\Ana Ciaciru\\Desktop\\Training\\functions\\10184"}}
[debug] [2020-05-22T17:24:53.188Z] [worker-~diagnostic~-64d5b83f-8e04-40a0-bb0d-1536658575f3]: BUSY {"metadata":{"emulator":{"name":"functions"},"message":"[worker-~diagnostic~-64d5b83f-8e04-40a0-bb0d-1536658575f3]: BUSY"}}
[debug] [2020-05-22T17:24:53.949Z] [runtime-status] [10184] Functions runtime initialized. {"cwd":"C:\\Users\\Ana Ciaciru\\Desktop\\Training\\functions","node_version":"12.16.2"} {"metadata":{"emulator":{"name":"functions"},"message":"[runtime-status] [10184] Functions runtime initialized. {\"cwd\":\"C:\\\\Users\\\\Ana Ciaciru\\\\Desktop\\\\Training\\\\functions\",\"node_version\":\"12.16.2\"}"}}
[debug] [2020-05-22T17:24:53.955Z] [runtime-status] [10184] Disabled runtime features: undefined {"metadata":{"emulator":{"name":"functions"},"message":"[runtime-status] [10184] Disabled runtime features: undefined"}}
[debug] [2020-05-22T17:24:54.138Z] [runtime-status] [10184] Resolved module firebase-admin {"declared":true,"installed":true,"version":"8.12.1","resolution":"C:\\Users\\Ana Ciaciru\\Desktop\\Training\\functions\\node_modules\\firebase-admin\\lib\\index.js"} {"metadata":{"emulator":{"name":"functions"},"message":"[runtime-status] [10184] Resolved module firebase-admin {\"declared\":true,\"installed\":true,\"version\":\"8.12.1\",\"resolution\":\"C:\\\\Users\\\\Ana Ciaciru\\\\Desktop\\\\Training\\\\functions\\\\node_modules\\\\firebase-admin\\\\lib\\\\index.js\"}"}}
[debug] [2020-05-22T17:24:54.298Z] [runtime-status] [10184] Resolved module firebase-functions {"declared":true,"installed":true,"version":"3.6.1","resolution":"C:\\Users\\Ana Ciaciru\\Desktop\\Training\\functions\\node_modules\\firebase-functions\\lib\\index.js"} {"metadata":{"emulator":{"name":"functions"},"message":"[runtime-status] [10184] Resolved module firebase-functions {\"declared\":true,\"installed\":true,\"version\":\"3.6.1\",\"resolution\":\"C:\\\\Users\\\\Ana Ciaciru\\\\Desktop\\\\Training\\\\functions\\\\node_modules\\\\firebase-functions\\\\lib\\\\index.js\"}"}}
[debug] [2020-05-22T17:24:54.298Z] [runtime-status] [10184] Outgoing network have been stubbed. [{"name":"http","status":"mocked"},{"name":"http","status":"mocked"},{"name":"https","status":"mocked"},{"name":"https","status":"mocked"},{"name":"net","status":"mocked"}] {"metadata":{"emulator":{"name":"functions"},"message":"[runtime-status] [10184] Outgoing network have been stubbed. [{\"name\":\"http\",\"status\":\"mocked\"},{\"name\":\"http\",\"status\":\"mocked\"},{\"name\":\"https\",\"status\":\"mocked\"},{\"name\":\"https\",\"status\":\"mocked\"},{\"name\":\"net\",\"status\":\"mocked\"}]"}}
[debug] [2020-05-22T17:24:55.230Z] [runtime-status] [10184] Checked functions.config() {"config":{}} {"metadata":{"emulator":{"name":"functions"},"message":"[runtime-status] [10184] Checked functions.config() {\"config\":{}}"}}
[debug] [2020-05-22T17:24:55.232Z] [runtime-status] [10184] Resolved module firebase-functions {"declared":true,"installed":true,"version":"3.6.1","resolution":"C:\\Users\\Ana Ciaciru\\Desktop\\Training\\functions\\node_modules\\firebase-functions\\lib\\index.js"} {"metadata":{"emulator":{"name":"functions"},"message":"[runtime-status] [10184] Resolved module firebase-functions {\"declared\":true,\"installed\":true,\"version\":\"3.6.1\",\"resolution\":\"C:\\\\Users\\\\Ana Ciaciru\\\\Desktop\\\\Training\\\\functions\\\\node_modules\\\\firebase-functions\\\\lib\\\\index.js\"}"}}
[debug] [2020-05-22T17:24:55.233Z] [runtime-status] [10184] Resolved module firebase-admin {"declared":true,"installed":true,"version":"8.12.1","resolution":"C:\\Users\\Ana Ciaciru\\Desktop\\Training\\functions\\node_modules\\firebase-admin\\lib\\index.js"} {"metadata":{"emulator":{"name":"functions"},"message":"[runtime-status] [10184] Resolved module firebase-admin {\"declared\":true,\"installed\":true,\"version\":\"8.12.1\",\"resolution\":\"C:\\\\Users\\\\Ana Ciaciru\\\\Desktop\\\\Training\\\\functions\\\\node_modules\\\\firebase-admin\\\\lib\\\\index.js\"}"}}
[debug] [2020-05-22T17:24:55.234Z] [runtime-status] [10184] Resolved module firebase-functions {"declared":true,"installed":true,"version":"3.6.1","resolution":"C:\\Users\\Ana Ciaciru\\Desktop\\Training\\functions\\node_modules\\firebase-functions\\lib\\index.js"} {"metadata":{"emulator":{"name":"functions"},"message":"[runtime-status] [10184] Resolved module firebase-functions {\"declared\":true,\"installed\":true,\"version\":\"3.6.1\",\"resolution\":\"C:\\\\Users\\\\Ana Ciaciru\\\\Desktop\\\\Training\\\\functions\\\\node_modules\\\\firebase-functions\\\\lib\\\\index.js\"}"}}
[debug] [2020-05-22T17:24:55.235Z] [runtime-status] [10184] firebase-admin has been stubbed. {"adminResolution":{"declared":true,"installed":true,"version":"8.12.1","resolution":"C:\\Users\\Ana Ciaciru\\Desktop\\Training\\functions\\node_modules\\firebase-admin\\lib\\index.js"}} {"metadata":{"emulator":{"name":"functions"},"message":"[runtime-status] [10184] firebase-admin has been stubbed. {\"adminResolution\":{\"declared\":true,\"installed\":true,\"version\":\"8.12.1\",\"resolution\":\"C:\\\\Users\\\\Ana Ciaciru\\\\Desktop\\\\Training\\\\functions\\\\node_modules\\\\firebase-admin\\\\lib\\\\index.js\"}}"}}
[warn] !  TypeError [ERR_INVALID_ARG_TYPE]: The "id" argument must be of type string. Received undefined
    at validateString (internal/validators.js:117:11)
    at Module.require (internal/modules/cjs/loader.js:1035:3)
    at require (internal/modules/cjs/helpers.js:77:18)
    at Object.<anonymous> (C:\Users\Ana Ciaciru\Desktop\Training\functions\index.js:5:13)
    at Module._compile (internal/modules/cjs/loader.js:1156:30)
    at Object.Module._extensions..js (internal/modules/cjs/loader.js:1176:10)
    at Module.load (internal/modules/cjs/loader.js:1000:32)
    at Function.Module._load (internal/modules/cjs/loader.js:899:14)
    at Module.require (internal/modules/cjs/loader.js:1042:19)
    at require (internal/modules/cjs/helpers.js:77:18) {"metadata":{"emulator":{"name":"functions"},"message":"TypeError [ERR_INVALID_ARG_TYPE]: The \"id\" argument must be of type string. Received undefined\n    at validateString (internal/validators.js:117:11)\n    at Module.require (internal/modules/cjs/loader.js:1035:3)\n    at require (internal/modules/cjs/helpers.js:77:18)\n    at Object.<anonymous> (C:\\Users\\Ana Ciaciru\\Desktop\\Training\\functions\\index.js:5:13)\n    at Module._compile (internal/modules/cjs/loader.js:1156:30)\n    at Object.Module._extensions..js (internal/modules/cjs/loader.js:1176:10)\n    at Module.load (internal/modules/cjs/loader.js:1000:32)\n    at Function.Module._load (internal/modules/cjs/loader.js:899:14)\n    at Module.require (internal/modules/cjs/loader.js:1042:19)\n    at require (internal/modules/cjs/helpers.js:77:18)"}}
[warn] !  We were unable to load your functions code. (see above) {"metadata":{"emulator":{"name":"functions"}}}
[debug] [2020-05-22T17:24:58.636Z] [worker-~diagnostic~-64d5b83f-8e04-40a0-bb0d-1536658575f3]: exited {"metadata":{"emulator":{"name":"functions"},"message":"[worker-~diagnostic~-64d5b83f-8e04-40a0-bb0d-1536658575f3]: exited"}}
[debug] [2020-05-22T17:24:58.636Z] [worker-~diagnostic~-64d5b83f-8e04-40a0-bb0d-1536658575f3]: FINISHED {"metadata":{"emulator":{"name":"functions"},"message":"[worker-~diagnostic~-64d5b83f-8e04-40a0-bb0d-1536658575f3]: FINISHED"}}
[debug] [2020-05-22T17:45:50.467Z] ----------------------------------------------------------------------
[debug] [2020-05-22T17:45:50.469Z] Command:       C:\Program Files\nodejs\node.exe C:\Users\Ana Ciaciru\AppData\Roaming\npm\node_modules\firebase-tools\lib\bin\firebase.js emulators:start --only functions
[debug] [2020-05-22T17:45:50.470Z] CLI Version:   8.4.0
[debug] [2020-05-22T17:45:50.470Z] Platform:      win32
[debug] [2020-05-22T17:45:50.470Z] Node Version:  v12.16.3
[debug] [2020-05-22T17:45:50.472Z] Time:          Fri May 22 2020 20:45:50 GMT+0300 (Eastern European Summer Time)
[debug] [2020-05-22T17:45:50.472Z] ----------------------------------------------------------------------
[debug] [2020-05-22T17:45:50.472Z] 
[debug] [2020-05-22T17:45:50.526Z] > command requires scopes: ["email","openid","https://www.googleapis.com/auth/cloudplatformprojects.readonly","https://www.googleapis.com/auth/firebase","https://www.googleapis.com/auth/cloud-platform"]
[debug] [2020-05-22T17:45:50.527Z] > authorizing via signed-in user
[info] i  emulators: Starting emulators: functions {"metadata":{"emulator":{"name":"hub"},"message":"Starting emulators: functions"}}
[warn] !  emulators: It seems that you are running multiple instances of the emulator suite for project trainingfmi-ee118. This may result in unexpected behavior. 
[debug] [2020-05-22T17:45:51.603Z] [hub] writing locator at C:\Users\ANACIA~1\AppData\Local\Temp\hub-trainingfmi-ee118.json
[warn] !  Your requested "node" version "8" doesn't match your global version "12" {"metadata":{"emulator":{"name":"functions"},"message":"Your requested \"node\" version \"8\" doesn't match your global version \"12\""}}
[debug] [2020-05-22T17:45:54.713Z] Ignoring unsupported arg: auto_download {"metadata":{"emulator":{"name":"ui"},"message":"Ignoring unsupported arg: auto_download"}}
[debug] [2020-05-22T17:45:54.714Z] Ignoring unsupported arg: port {"metadata":{"emulator":{"name":"ui"},"message":"Ignoring unsupported arg: port"}}
[debug] [2020-05-22T17:45:54.714Z] Starting Emulator UI with command {"binary":"node","args":["C:\\Users\\Ana Ciaciru\\.cache\\firebase\\emulators\\ui-v1.0.0\\server.bundle.js"],"optionalArgs":[],"joinArgs":false} {"metadata":{"emulator":{"name":"ui"},"message":"Starting Emulator UI with command {\"binary\":\"node\",\"args\":[\"C:\\\\Users\\\\Ana Ciaciru\\\\.cache\\\\firebase\\\\emulators\\\\ui-v1.0.0\\\\server.bundle.js\"],\"optionalArgs\":[],\"joinArgs\":false}"}}
[info] i  ui: Emulator UI logging to ui-debug.log {"metadata":{"emulator":{"name":"ui"},"message":"Emulator UI logging to \u001b[1mui-debug.log\u001b[22m"}}
[debug] [2020-05-22T17:45:54.984Z] Web / API server started at http://localhost:4000
 {"metadata":{"emulator":{"name":"ui"},"message":"Web / API server started at http://localhost:4000\n"}}
[info] i  functions: Watching "C:\Users\Ana Ciaciru\Desktop\Training\functions" for Cloud Functions... {"metadata":{"emulator":{"name":"functions"},"message":"Watching \"C:\\Users\\Ana Ciaciru\\Desktop\\Training\\functions\" for Cloud Functions..."}}
[debug] [2020-05-22T17:45:55.329Z] [worker-pool] addWorker(~diagnostic~) {"metadata":{"emulator":{"name":"functions"},"message":"[worker-pool] addWorker(~diagnostic~)"}}
[debug] [2020-05-22T17:45:55.329Z] [worker-pool] Adding worker with key ~diagnostic~, total=1 {"metadata":{"emulator":{"name":"functions"},"message":"[worker-pool] Adding worker with key ~diagnostic~, total=1"}}
[debug] [2020-05-22T17:45:55.329Z] [worker-pool] submitWork(triggerId=) {"metadata":{"emulator":{"name":"functions"},"message":"[worker-pool] submitWork(triggerId=)"}}
[debug] [2020-05-22T17:45:55.330Z] [worker-~diagnostic~-faa09718-04dc-4db8-a303-f9389c31c3e1]: Assigning socketPath: \\?\pipe\C:\Users\Ana Ciaciru\Desktop\Training\functions\13812 {"metadata":{"emulator":{"name":"functions"},"message":"[worker-~diagnostic~-faa09718-04dc-4db8-a303-f9389c31c3e1]: Assigning socketPath: \\\\?\\pipe\\C:\\Users\\Ana Ciaciru\\Desktop\\Training\\functions\\13812"}}
[debug] [2020-05-22T17:45:55.331Z] [worker-~diagnostic~-faa09718-04dc-4db8-a303-f9389c31c3e1]: BUSY {"metadata":{"emulator":{"name":"functions"},"message":"[worker-~diagnostic~-faa09718-04dc-4db8-a303-f9389c31c3e1]: BUSY"}}
[debug] [2020-05-22T17:45:56.054Z] [runtime-status] [13812] Functions runtime initialized. {"cwd":"C:\\Users\\Ana Ciaciru\\Desktop\\Training\\functions","node_version":"12.16.3"} {"metadata":{"emulator":{"name":"functions"},"message":"[runtime-status] [13812] Functions runtime initialized. {\"cwd\":\"C:\\\\Users\\\\Ana Ciaciru\\\\Desktop\\\\Training\\\\functions\",\"node_version\":\"12.16.3\"}"}}
[debug] [2020-05-22T17:45:56.060Z] [runtime-status] [13812] Disabled runtime features: undefined {"metadata":{"emulator":{"name":"functions"},"message":"[runtime-status] [13812] Disabled runtime features: undefined"}}
[debug] [2020-05-22T17:45:56.367Z] [runtime-status] [13812] Resolved module firebase-admin {"declared":true,"installed":true,"version":"8.12.1","resolution":"C:\\Users\\Ana Ciaciru\\Desktop\\Training\\functions\\node_modules\\firebase-admin\\lib\\index.js"} {"metadata":{"emulator":{"name":"functions"},"message":"[runtime-status] [13812] Resolved module firebase-admin {\"declared\":true,\"installed\":true,\"version\":\"8.12.1\",\"resolution\":\"C:\\\\Users\\\\Ana Ciaciru\\\\Desktop\\\\Training\\\\functions\\\\node_modules\\\\firebase-admin\\\\lib\\\\index.js\"}"}}
[debug] [2020-05-22T17:45:56.407Z] [runtime-status] [13812] Resolved module firebase-functions {"declared":true,"installed":true,"version":"3.6.1","resolution":"C:\\Users\\Ana Ciaciru\\Desktop\\Training\\functions\\node_modules\\firebase-functions\\lib\\index.js"} {"metadata":{"emulator":{"name":"functions"},"message":"[runtime-status] [13812] Resolved module firebase-functions {\"declared\":true,\"installed\":true,\"version\":\"3.6.1\",\"resolution\":\"C:\\\\Users\\\\Ana Ciaciru\\\\Desktop\\\\Training\\\\functions\\\\node_modules\\\\firebase-functions\\\\lib\\\\index.js\"}"}}
[debug] [2020-05-22T17:45:56.410Z] [runtime-status] [13812] Outgoing network have been stubbed. [{"name":"http","status":"mocked"},{"name":"http","status":"mocked"},{"name":"https","status":"mocked"},{"name":"https","status":"mocked"},{"name":"net","status":"mocked"}] {"metadata":{"emulator":{"name":"functions"},"message":"[runtime-status] [13812] Outgoing network have been stubbed. [{\"name\":\"http\",\"status\":\"mocked\"},{\"name\":\"http\",\"status\":\"mocked\"},{\"name\":\"https\",\"status\":\"mocked\"},{\"name\":\"https\",\"status\":\"mocked\"},{\"name\":\"net\",\"status\":\"mocked\"}]"}}
[debug] [2020-05-22T17:45:57.572Z] [runtime-status] [13812] Checked functions.config() {"config":{}} {"metadata":{"emulator":{"name":"functions"},"message":"[runtime-status] [13812] Checked functions.config() {\"config\":{}}"}}
[debug] [2020-05-22T17:45:57.573Z] [runtime-status] [13812] Resolved module firebase-functions {"declared":true,"installed":true,"version":"3.6.1","resolution":"C:\\Users\\Ana Ciaciru\\Desktop\\Training\\functions\\node_modules\\firebase-functions\\lib\\index.js"} {"metadata":{"emulator":{"name":"functions"},"message":"[runtime-status] [13812] Resolved module firebase-functions {\"declared\":true,\"installed\":true,\"version\":\"3.6.1\",\"resolution\":\"C:\\\\Users\\\\Ana Ciaciru\\\\Desktop\\\\Training\\\\functions\\\\node_modules\\\\firebase-functions\\\\lib\\\\index.js\"}"}}
[debug] [2020-05-22T17:45:57.575Z] [runtime-status] [13812] Resolved module firebase-admin {"declared":true,"installed":true,"version":"8.12.1","resolution":"C:\\Users\\Ana Ciaciru\\Desktop\\Training\\functions\\node_modules\\firebase-admin\\lib\\index.js"} {"metadata":{"emulator":{"name":"functions"},"message":"[runtime-status] [13812] Resolved module firebase-admin {\"declared\":true,\"installed\":true,\"version\":\"8.12.1\",\"resolution\":\"C:\\\\Users\\\\Ana Ciaciru\\\\Desktop\\\\Training\\\\functions\\\\node_modules\\\\firebase-admin\\\\lib\\\\index.js\"}"}}
[debug] [2020-05-22T17:45:57.576Z] [runtime-status] [13812] Resolved module firebase-functions {"declared":true,"installed":true,"version":"3.6.1","resolution":"C:\\Users\\Ana Ciaciru\\Desktop\\Training\\functions\\node_modules\\firebase-functions\\lib\\index.js"} {"metadata":{"emulator":{"name":"functions"},"message":"[runtime-status] [13812] Resolved module firebase-functions {\"declared\":true,\"installed\":true,\"version\":\"3.6.1\",\"resolution\":\"C:\\\\Users\\\\Ana Ciaciru\\\\Desktop\\\\Training\\\\functions\\\\node_modules\\\\firebase-functions\\\\lib\\\\index.js\"}"}}
[debug] [2020-05-22T17:45:57.576Z] [runtime-status] [13812] firebase-admin has been stubbed. {"adminResolution":{"declared":true,"installed":true,"version":"8.12.1","resolution":"C:\\Users\\Ana Ciaciru\\Desktop\\Training\\functions\\node_modules\\firebase-admin\\lib\\index.js"}} {"metadata":{"emulator":{"name":"functions"},"message":"[runtime-status] [13812] firebase-admin has been stubbed. {\"adminResolution\":{\"declared\":true,\"installed\":true,\"version\":\"8.12.1\",\"resolution\":\"C:\\\\Users\\\\Ana Ciaciru\\\\Desktop\\\\Training\\\\functions\\\\node_modules\\\\firebase-admin\\\\lib\\\\index.js\"}}"}}
[warn] !  TypeError [ERR_INVALID_ARG_TYPE]: The "id" argument must be of type string. Received undefined
    at validateString (internal/validators.js:117:11)
    at Module.require (internal/modules/cjs/loader.js:1012:3)
    at require (internal/modules/cjs/helpers.js:77:18)
    at Object.<anonymous> (C:\Users\Ana Ciaciru\Desktop\Training\functions\index.js:5:13)
    at Module._compile (internal/modules/cjs/loader.js:1133:30)
    at Object.Module._extensions..js (internal/modules/cjs/loader.js:1153:10)
    at Module.load (internal/modules/cjs/loader.js:977:32)
    at Function.Module._load (internal/modules/cjs/loader.js:877:14)
    at Module.require (internal/modules/cjs/loader.js:1019:19)
    at require (internal/modules/cjs/helpers.js:77:18) {"metadata":{"emulator":{"name":"functions"},"message":"TypeError [ERR_INVALID_ARG_TYPE]: The \"id\" argument must be of type string. Received undefined\n    at validateString (internal/validators.js:117:11)\n    at Module.require (internal/modules/cjs/loader.js:1012:3)\n    at require (internal/modules/cjs/helpers.js:77:18)\n    at Object.<anonymous> (C:\\Users\\Ana Ciaciru\\Desktop\\Training\\functions\\index.js:5:13)\n    at Module._compile (internal/modules/cjs/loader.js:1133:30)\n    at Object.Module._extensions..js (internal/modules/cjs/loader.js:1153:10)\n    at Module.load (internal/modules/cjs/loader.js:977:32)\n    at Function.Module._load (internal/modules/cjs/loader.js:877:14)\n    at Module.require (internal/modules/cjs/loader.js:1019:19)\n    at require (internal/modules/cjs/helpers.js:77:18)"}}
[warn] !  We were unable to load your functions code. (see above) {"metadata":{"emulator":{"name":"functions"}}}
[debug] [2020-05-22T17:46:01.740Z] [worker-~diagnostic~-faa09718-04dc-4db8-a303-f9389c31c3e1]: exited {"metadata":{"emulator":{"name":"functions"},"message":"[worker-~diagnostic~-faa09718-04dc-4db8-a303-f9389c31c3e1]: exited"}}
[debug] [2020-05-22T17:46:01.741Z] [worker-~diagnostic~-faa09718-04dc-4db8-a303-f9389c31c3e1]: FINISHED {"metadata":{"emulator":{"name":"functions"},"message":"[worker-~diagnostic~-faa09718-04dc-4db8-a303-f9389c31c3e1]: FINISHED"}}
